This file contains any messages produced by compilers while
running configure, to aid debugging if configure makes a mistake.

It was created by liquid-dsp configure 1.2.0, which was
generated by GNU Autoconf 2.69.  Invocation command line was

  $ ./configure --prefix=/usr/local/crts

## --------- ##
## Platform. ##
## --------- ##

hostname = viz
uname -m = x86_64
uname -r = 4.15.0-66-generic
uname -s = Linux
uname -v = #75-Ubuntu SMP Tue Oct 1 05:24:09 UTC 2019

/usr/bin/uname -p = unknown
/bin/uname -X     = unknown

/bin/arch              = unknown
/usr/bin/arch -k       = unknown
/usr/convex/getsysinfo = unknown
/usr/bin/hostinfo      = unknown
/bin/machine           = unknown
/usr/bin/oslevel       = unknown
/bin/universe          = unknown

PATH: /usr/local/sbin
PATH: /usr/local/bin
PATH: /usr/sbin
PATH: /usr/bin
PATH: /sbin
PATH: /bin
PATH: /usr/games
PATH: /usr/local/games
PATH: /snap/bin


## ----------- ##
## Core tests. ##
## ----------- ##

configure:2560: checking for gcc
configure:2576: found /usr/bin/gcc
configure:2587: result: gcc
configure:2816: checking for C compiler version
configure:2825: gcc --version >&5
gcc (Ubuntu 7.4.0-1ubuntu1~18.04.1) 7.4.0
Copyright (C) 2017 Free Software Foundation, Inc.
This is free software; see the source for copying conditions.  There is NO
warranty; not even for MERCHANTABILITY or FITNESS FOR A PARTICULAR PURPOSE.

configure:2836: $? = 0
configure:2825: gcc -v >&5
Using built-in specs.
COLLECT_GCC=gcc
COLLECT_LTO_WRAPPER=/usr/lib/gcc/x86_64-linux-gnu/7/lto-wrapper
OFFLOAD_TARGET_NAMES=nvptx-none
OFFLOAD_TARGET_DEFAULT=1
Target: x86_64-linux-gnu
Configured with: ../src/configure -v --with-pkgversion='Ubuntu 7.4.0-1ubuntu1~18.04.1' --with-bugurl=file:///usr/share/doc/gcc-7/README.Bugs --enable-languages=c,ada,c++,go,brig,d,fortran,objc,obj-c++ --prefix=/usr --with-gcc-major-version-only --program-suffix=-7 --program-prefix=x86_64-linux-gnu- --enable-shared --enable-linker-build-id --libexecdir=/usr/lib --without-included-gettext --enable-threads=posix --libdir=/usr/lib --enable-nls --with-sysroot=/ --enable-clocale=gnu --enable-libstdcxx-debug --enable-libstdcxx-time=yes --with-default-libstdcxx-abi=new --enable-gnu-unique-object --disable-vtable-verify --enable-libmpx --enable-plugin --enable-default-pie --with-system-zlib --with-target-system-zlib --enable-objc-gc=auto --enable-multiarch --disable-werror --with-arch-32=i686 --with-abi=m64 --with-multilib-list=m32,m64,mx32 --enable-multilib --with-tune=generic --enable-offload-targets=nvptx-none --without-cuda-driver --enable-checking=release --build=x86_64-linux-gnu --host=x86_64-linux-gnu --target=x86_64-linux-gnu
Thread model: posix
gcc version 7.4.0 (Ubuntu 7.4.0-1ubuntu1~18.04.1) 
configure:2836: $? = 0
configure:2825: gcc -V >&5
gcc: error: unrecognized command line option '-V'
gcc: fatal error: no input files
compilation terminated.
configure:2836: $? = 1
configure:2825: gcc -qversion >&5
gcc: error: unrecognized command line option '-qversion'; did you mean '--version'?
gcc: fatal error: no input files
compilation terminated.
configure:2836: $? = 1
configure:2856: checking whether the C compiler works
configure:2878: gcc -march=native -g -O2 -Wall -I../libfec/src -L../libfec/src conftest.c  >&5
configure:2882: $? = 0
configure:2930: result: yes
configure:2933: checking for C compiler default output file name
configure:2935: result: a.out
configure:2941: checking for suffix of executables
configure:2948: gcc -o conftest -march=native -g -O2 -Wall -I../libfec/src -L../libfec/src conftest.c  >&5
configure:2952: $? = 0
configure:2974: result: 
configure:2996: checking whether we are cross compiling
configure:3004: gcc -o conftest -march=native -g -O2 -Wall -I../libfec/src -L../libfec/src conftest.c  >&5
configure:3008: $? = 0
configure:3015: ./conftest
configure:3019: $? = 0
configure:3034: result: no
configure:3039: checking for suffix of object files
configure:3061: gcc -c -march=native -g -O2 -Wall -I../libfec/src conftest.c >&5
configure:3065: $? = 0
configure:3086: result: o
configure:3090: checking whether we are using the GNU C compiler
configure:3109: gcc -c -march=native -g -O2 -Wall -I../libfec/src conftest.c >&5
configure:3109: $? = 0
configure:3118: result: yes
configure:3127: checking whether gcc accepts -g
configure:3147: gcc -c -g -I../libfec/src conftest.c >&5
configure:3147: $? = 0
configure:3188: result: yes
configure:3205: checking for gcc option to accept ISO C89
configure:3268: gcc  -c -march=native -g -O2 -Wall -I../libfec/src conftest.c >&5
configure:3268: $? = 0
configure:3281: result: none needed
configure:3301: checking for a sed that does not truncate output
configure:3365: result: /bin/sed
configure:3370: checking for grep that handles long lines and -e
configure:3428: result: /bin/grep
configure:3447: checking for a BSD-compatible install
configure:3515: result: /usr/bin/install -c
configure:3569: checking for ranlib
configure:3585: found /usr/bin/ranlib
configure:3596: result: ranlib
configure:3664: checking for ar
configure:3680: found /usr/bin/ar
configure:3691: result: ar
configure:3716: checking for error_at_line
configure:3732: gcc -o conftest -march=native -g -O2 -Wall -I../libfec/src -L../libfec/src conftest.c  >&5
configure:3732: $? = 0
configure:3740: result: yes
configure:3756: checking how to run the C preprocessor
configure:3787: gcc -E -I../libfec/src conftest.c
configure:3787: $? = 0
configure:3801: gcc -E -I../libfec/src conftest.c
conftest.c:9:10: fatal error: ac_nonexistent.h: No such file or directory
 #include <ac_nonexistent.h>
          ^~~~~~~~~~~~~~~~~~
compilation terminated.
configure:3801: $? = 1
configure: failed program was:
| /* confdefs.h */
| #define PACKAGE_NAME "liquid-dsp"
| #define PACKAGE_TARNAME "liquid-dsp"
| #define PACKAGE_VERSION "1.2.0"
| #define PACKAGE_STRING "liquid-dsp 1.2.0"
| #define PACKAGE_BUGREPORT "support@liquidsdr.org"
| #define PACKAGE_URL ""
| /* end confdefs.h.  */
| #include <ac_nonexistent.h>
configure:3826: result: gcc -E
configure:3846: gcc -E -I../libfec/src conftest.c
configure:3846: $? = 0
configure:3860: gcc -E -I../libfec/src conftest.c
conftest.c:9:10: fatal error: ac_nonexistent.h: No such file or directory
 #include <ac_nonexistent.h>
          ^~~~~~~~~~~~~~~~~~
compilation terminated.
configure:3860: $? = 1
configure: failed program was:
| /* confdefs.h */
| #define PACKAGE_NAME "liquid-dsp"
| #define PACKAGE_TARNAME "liquid-dsp"
| #define PACKAGE_VERSION "1.2.0"
| #define PACKAGE_STRING "liquid-dsp 1.2.0"
| #define PACKAGE_BUGREPORT "support@liquidsdr.org"
| #define PACKAGE_URL ""
| /* end confdefs.h.  */
| #include <ac_nonexistent.h>
configure:3889: checking for egrep
configure:3951: result: /bin/grep -E
configure:3956: checking for ANSI C header files
configure:3976: gcc -c -march=native -g -O2 -Wall -I../libfec/src conftest.c >&5
configure:3976: $? = 0
configure:4049: gcc -o conftest -march=native -g -O2 -Wall -I../libfec/src -L../libfec/src conftest.c  >&5
configure:4049: $? = 0
configure:4049: ./conftest
configure:4049: $? = 0
configure:4060: result: yes
configure:4073: checking for sys/types.h
configure:4073: gcc -c -march=native -g -O2 -Wall -I../libfec/src conftest.c >&5
configure:4073: $? = 0
configure:4073: result: yes
configure:4073: checking for sys/stat.h
configure:4073: gcc -c -march=native -g -O2 -Wall -I../libfec/src conftest.c >&5
configure:4073: $? = 0
configure:4073: result: yes
configure:4073: checking for stdlib.h
configure:4073: gcc -c -march=native -g -O2 -Wall -I../libfec/src conftest.c >&5
configure:4073: $? = 0
configure:4073: result: yes
configure:4073: checking for string.h
configure:4073: gcc -c -march=native -g -O2 -Wall -I../libfec/src conftest.c >&5
configure:4073: $? = 0
configure:4073: result: yes
configure:4073: checking for memory.h
configure:4073: gcc -c -march=native -g -O2 -Wall -I../libfec/src conftest.c >&5
configure:4073: $? = 0
configure:4073: result: yes
configure:4073: checking for strings.h
configure:4073: gcc -c -march=native -g -O2 -Wall -I../libfec/src conftest.c >&5
configure:4073: $? = 0
configure:4073: result: yes
configure:4073: checking for inttypes.h
configure:4073: gcc -c -march=native -g -O2 -Wall -I../libfec/src conftest.c >&5
configure:4073: $? = 0
configure:4073: result: yes
configure:4073: checking for stdint.h
configure:4073: gcc -c -march=native -g -O2 -Wall -I../libfec/src conftest.c >&5
configure:4073: $? = 0
configure:4073: result: yes
configure:4073: checking for unistd.h
configure:4073: gcc -c -march=native -g -O2 -Wall -I../libfec/src conftest.c >&5
configure:4073: $? = 0
configure:4073: result: yes
configure:4087: checking for stdlib.h
configure:4087: result: yes
configure:4097: checking for GNU libc compatible malloc
configure:4121: gcc -o conftest -march=native -g -O2 -Wall -I../libfec/src -L../libfec/src conftest.c  >&5
configure:4121: $? = 0
configure:4121: ./conftest
configure:4121: $? = 0
configure:4131: result: yes
configure:4154: checking for stdlib.h
configure:4154: result: yes
configure:4164: checking for GNU libc compatible realloc
configure:4188: gcc -o conftest -march=native -g -O2 -Wall -I../libfec/src -L../libfec/src conftest.c  >&5
configure:4188: $? = 0
configure:4188: ./conftest
configure:4188: $? = 0
configure:4198: result: yes
configure:4221: checking for main in -lc
configure:4240: gcc -o conftest -march=native -g -O2 -Wall -I../libfec/src -L../libfec/src conftest.c -lc   >&5
configure:4240: $? = 0
configure:4249: result: yes
configure:4262: checking for main in -lm
configure:4281: gcc -o conftest -march=native -g -O2 -Wall -I../libfec/src -L../libfec/src conftest.c -lm  -lc  >&5
configure:4281: $? = 0
configure:4290: result: yes
configure:4305: checking for malloc
configure:4305: gcc -o conftest -march=native -g -O2 -Wall -I../libfec/src -L../libfec/src conftest.c -lm -lc  >&5
conftest.c:48:6: warning: conflicting types for built-in function 'malloc' [-Wbuiltin-declaration-mismatch]
 char malloc ();
      ^~~~~~
configure:4305: $? = 0
configure:4305: result: yes
configure:4312: checking for realloc
configure:4312: gcc -o conftest -march=native -g -O2 -Wall -I../libfec/src -L../libfec/src conftest.c -lm -lc  >&5
conftest.c:48:6: warning: conflicting types for built-in function 'realloc' [-Wbuiltin-declaration-mismatch]
 char realloc ();
      ^~~~~~~
configure:4312: $? = 0
configure:4312: result: yes
configure:4319: checking for free
configure:4319: gcc -o conftest -march=native -g -O2 -Wall -I../libfec/src -L../libfec/src conftest.c -lm -lc  >&5
conftest.c:48:6: warning: conflicting types for built-in function 'free' [-Wbuiltin-declaration-mismatch]
 char free ();
      ^~~~
configure:4319: $? = 0
configure:4319: result: yes
configure:4326: checking for memset
configure:4326: gcc -o conftest -march=native -g -O2 -Wall -I../libfec/src -L../libfec/src conftest.c -lm -lc  >&5
conftest.c:48:6: warning: conflicting types for built-in function 'memset' [-Wbuiltin-declaration-mismatch]
 char memset ();
      ^~~~~~
configure:4326: $? = 0
configure:4326: result: yes
configure:4333: checking for memmove
configure:4333: gcc -o conftest -march=native -g -O2 -Wall -I../libfec/src -L../libfec/src conftest.c -lm -lc  >&5
conftest.c:48:6: warning: conflicting types for built-in function 'memmove' [-Wbuiltin-declaration-mismatch]
 char memmove ();
      ^~~~~~~
configure:4333: $? = 0
configure:4333: result: yes
configure:4341: checking for sinf
configure:4341: gcc -o conftest -march=native -g -O2 -Wall -I../libfec/src -L../libfec/src conftest.c -lm -lc  >&5
conftest.c:48:6: warning: conflicting types for built-in function 'sinf' [-Wbuiltin-declaration-mismatch]
 char sinf ();
      ^~~~
configure:4341: $? = 0
configure:4341: result: yes
configure:4348: checking for cosf
configure:4348: gcc -o conftest -march=native -g -O2 -Wall -I../libfec/src -L../libfec/src conftest.c -lm -lc  >&5
conftest.c:48:6: warning: conflicting types for built-in function 'cosf' [-Wbuiltin-declaration-mismatch]
 char cosf ();
      ^~~~
configure:4348: $? = 0
configure:4348: result: yes
configure:4355: checking for expf
configure:4355: gcc -o conftest -march=native -g -O2 -Wall -I../libfec/src -L../libfec/src conftest.c -lm -lc  >&5
conftest.c:48:6: warning: conflicting types for built-in function 'expf' [-Wbuiltin-declaration-mismatch]
 char expf ();
      ^~~~
configure:4355: $? = 0
configure:4355: result: yes
configure:4362: checking for cargf
configure:4362: gcc -o conftest -march=native -g -O2 -Wall -I../libfec/src -L../libfec/src conftest.c -lm -lc  >&5
conftest.c:48:6: warning: conflicting types for built-in function 'cargf' [-Wbuiltin-declaration-mismatch]
 char cargf ();
      ^~~~~
configure:4362: $? = 0
configure:4362: result: yes
configure:4369: checking for cexpf
configure:4369: gcc -o conftest -march=native -g -O2 -Wall -I../libfec/src -L../libfec/src conftest.c -lm -lc  >&5
conftest.c:48:6: warning: conflicting types for built-in function 'cexpf' [-Wbuiltin-declaration-mismatch]
 char cexpf ();
      ^~~~~
configure:4369: $? = 0
configure:4369: result: yes
configure:4376: checking for crealf
configure:4376: gcc -o conftest -march=native -g -O2 -Wall -I../libfec/src -L../libfec/src conftest.c -lm -lc  >&5
conftest.c:48:6: warning: conflicting types for built-in function 'crealf' [-Wbuiltin-declaration-mismatch]
 char crealf ();
      ^~~~~~
configure:4376: $? = 0
configure:4376: result: yes
configure:4383: checking for cimagf
configure:4383: gcc -o conftest -march=native -g -O2 -Wall -I../libfec/src -L../libfec/src conftest.c -lm -lc  >&5
conftest.c:48:6: warning: conflicting types for built-in function 'cimagf' [-Wbuiltin-declaration-mismatch]
 char cimagf ();
      ^~~~~~
configure:4383: $? = 0
configure:4383: result: yes
configure:4390: checking for sqrtf
configure:4390: gcc -o conftest -march=native -g -O2 -Wall -I../libfec/src -L../libfec/src conftest.c -lm -lc  >&5
conftest.c:48:6: warning: conflicting types for built-in function 'sqrtf' [-Wbuiltin-declaration-mismatch]
 char sqrtf ();
      ^~~~~
configure:4390: $? = 0
configure:4390: result: yes
configure:4402: checking stdio.h usability
configure:4402: gcc -c -march=native -g -O2 -Wall -I../libfec/src conftest.c >&5
configure:4402: $? = 0
configure:4402: result: yes
configure:4402: checking stdio.h presence
configure:4402: gcc -E -I../libfec/src conftest.c
configure:4402: $? = 0
configure:4402: result: yes
configure:4402: checking for stdio.h
configure:4402: result: yes
configure:4402: checking for stdlib.h
configure:4402: result: yes
configure:4402: checking complex.h usability
configure:4402: gcc -c -march=native -g -O2 -Wall -I../libfec/src conftest.c >&5
configure:4402: $? = 0
configure:4402: result: yes
configure:4402: checking complex.h presence
configure:4402: gcc -E -I../libfec/src conftest.c
configure:4402: $? = 0
configure:4402: result: yes
configure:4402: checking for complex.h
configure:4402: result: yes
configure:4402: checking for string.h
configure:4402: result: yes
configure:4402: checking getopt.h usability
configure:4402: gcc -c -march=native -g -O2 -Wall -I../libfec/src conftest.c >&5
configure:4402: $? = 0
configure:4402: result: yes
configure:4402: checking getopt.h presence
configure:4402: gcc -E -I../libfec/src conftest.c
configure:4402: $? = 0
configure:4402: result: yes
configure:4402: checking for getopt.h
configure:4402: result: yes
configure:4402: checking sys/resource.h usability
configure:4402: gcc -c -march=native -g -O2 -Wall -I../libfec/src conftest.c >&5
configure:4402: $? = 0
configure:4402: result: yes
configure:4402: checking sys/resource.h presence
configure:4402: gcc -E -I../libfec/src conftest.c
configure:4402: $? = 0
configure:4402: result: yes
configure:4402: checking for sys/resource.h
configure:4402: result: yes
configure:4402: checking float.h usability
configure:4402: gcc -c -march=native -g -O2 -Wall -I../libfec/src conftest.c >&5
configure:4402: $? = 0
configure:4402: result: yes
configure:4402: checking float.h presence
configure:4402: gcc -E -I../libfec/src conftest.c
configure:4402: $? = 0
configure:4402: result: yes
configure:4402: checking for float.h
configure:4402: result: yes
configure:4402: checking for inttypes.h
configure:4402: result: yes
configure:4402: checking limits.h usability
configure:4402: gcc -c -march=native -g -O2 -Wall -I../libfec/src conftest.c >&5
configure:4402: $? = 0
configure:4402: result: yes
configure:4402: checking limits.h presence
configure:4402: gcc -E -I../libfec/src conftest.c
configure:4402: $? = 0
configure:4402: result: yes
configure:4402: checking for limits.h
configure:4402: result: yes
configure:4402: checking for stdlib.h
configure:4402: result: yes
configure:4402: checking for string.h
configure:4402: result: yes
configure:4402: checking for unistd.h
configure:4402: result: yes
configure:4421: checking fec.h usability
configure:4421: gcc -c -march=native -g -O2 -Wall -I../libfec/src conftest.c >&5
configure:4421: $? = 0
configure:4421: result: yes
configure:4421: checking fec.h presence
configure:4421: gcc -E -I../libfec/src conftest.c
configure:4421: $? = 0
configure:4421: result: yes
configure:4421: checking for fec.h
configure:4421: result: yes
configure:4421: checking fftw3.h usability
configure:4421: gcc -c -march=native -g -O2 -Wall -I../libfec/src conftest.c >&5
configure:4421: $? = 0
configure:4421: result: yes
configure:4421: checking fftw3.h presence
configure:4421: gcc -E -I../libfec/src conftest.c
configure:4421: $? = 0
configure:4421: result: yes
configure:4421: checking for fftw3.h
configure:4421: result: yes
configure:4431: checking for fftwf_plan_dft_1d in -lfftw3f
configure:4456: gcc -o conftest -march=native -g -O2 -Wall -I../libfec/src -L../libfec/src conftest.c -lfftw3f  -lm -lc  >&5
configure:4456: $? = 0
configure:4465: result: yes
configure:4479: checking for create_viterbi27 in -lfec
configure:4504: gcc -o conftest -march=native -g -O2 -Wall -I../libfec/src -L../libfec/src conftest.c -lfec  -lfftw3f -lm -lc  >&5
configure:4504: $? = 0
configure:4513: result: yes
configure:4529: checking for inline
configure:4545: gcc -c -march=native -g -O2 -Wall -I../libfec/src conftest.c >&5
configure:4545: $? = 0
configure:4553: result: inline
configure:4571: checking for size_t
configure:4571: gcc -c -march=native -g -O2 -Wall -I../libfec/src conftest.c >&5
configure:4571: $? = 0
configure:4571: gcc -c -march=native -g -O2 -Wall -I../libfec/src conftest.c >&5
conftest.c: In function 'main':
conftest.c:77:21: error: expected expression before ')' token
 if (sizeof ((size_t)))
                     ^
configure:4571: $? = 1
configure: failed program was:
| /* confdefs.h */
| #define PACKAGE_NAME "liquid-dsp"
| #define PACKAGE_TARNAME "liquid-dsp"
| #define PACKAGE_VERSION "1.2.0"
| #define PACKAGE_STRING "liquid-dsp 1.2.0"
| #define PACKAGE_BUGREPORT "support@liquidsdr.org"
| #define PACKAGE_URL ""
| #define STDC_HEADERS 1
| #define HAVE_SYS_TYPES_H 1
| #define HAVE_SYS_STAT_H 1
| #define HAVE_STDLIB_H 1
| #define HAVE_STRING_H 1
| #define HAVE_MEMORY_H 1
| #define HAVE_STRINGS_H 1
| #define HAVE_INTTYPES_H 1
| #define HAVE_STDINT_H 1
| #define HAVE_UNISTD_H 1
| #define HAVE_STDLIB_H 1
| #define HAVE_MALLOC 1
| #define HAVE_STDLIB_H 1
| #define HAVE_REALLOC 1
| #define HAVE_LIBC 1
| #define HAVE_LIBM 1
| #define HAVE_STDIO_H 1
| #define HAVE_STDLIB_H 1
| #define HAVE_COMPLEX_H 1
| #define HAVE_STRING_H 1
| #define HAVE_GETOPT_H 1
| #define HAVE_SYS_RESOURCE_H 1
| #define HAVE_FLOAT_H 1
| #define HAVE_INTTYPES_H 1
| #define HAVE_LIMITS_H 1
| #define HAVE_STDLIB_H 1
| #define HAVE_STRING_H 1
| #define HAVE_UNISTD_H 1
| #define HAVE_FEC_H 1
| #define HAVE_FFTW3_H 1
| #define HAVE_LIBFFTW3F 1
| #define HAVE_LIBFEC 1
| /* end confdefs.h.  */
| #include <stdio.h>
| #ifdef HAVE_SYS_TYPES_H
| # include <sys/types.h>
| #endif
| #ifdef HAVE_SYS_STAT_H
| # include <sys/stat.h>
| #endif
| #ifdef STDC_HEADERS
| # include <stdlib.h>
| # include <stddef.h>
| #else
| # ifdef HAVE_STDLIB_H
| #  include <stdlib.h>
| # endif
| #endif
| #ifdef HAVE_STRING_H
| # if !defined STDC_HEADERS && defined HAVE_MEMORY_H
| #  include <memory.h>
| # endif
| # include <string.h>
| #endif
| #ifdef HAVE_STRINGS_H
| # include <strings.h>
| #endif
| #ifdef HAVE_INTTYPES_H
| # include <inttypes.h>
| #endif
| #ifdef HAVE_STDINT_H
| # include <stdint.h>
| #endif
| #ifdef HAVE_UNISTD_H
| # include <unistd.h>
| #endif
| int
| main ()
| {
| if (sizeof ((size_t)))
| 	    return 0;
|   ;
|   return 0;
| }
configure:4571: result: yes
configure:4582: checking for uint32_t
configure:4582: gcc -c -march=native -g -O2 -Wall -I../libfec/src conftest.c >&5
configure:4582: $? = 0
configure:4582: result: yes
configure:4596: checking for uint8_t
configure:4596: gcc -c -march=native -g -O2 -Wall -I../libfec/src conftest.c >&5
configure:4596: $? = 0
configure:4596: result: yes
configure:4616: checking size of int
configure:4621: gcc -o conftest -march=native -g -O2 -Wall -I../libfec/src -L../libfec/src conftest.c -lfec -lfftw3f -lm -lc  >&5
configure:4621: $? = 0
configure:4621: ./conftest
configure:4621: $? = 0
configure:4635: result: 4
configure:4649: checking size of unsigned int
configure:4654: gcc -o conftest -march=native -g -O2 -Wall -I../libfec/src -L../libfec/src conftest.c -lfec -lfftw3f -lm -lc  >&5
configure:4654: $? = 0
configure:4654: ./conftest
configure:4654: $? = 0
configure:4668: result: 4
configure:4690: checking build system type
configure:4704: result: x86_64-unknown-linux-gnu
configure:4724: checking host system type
configure:4737: result: x86_64-unknown-linux-gnu
configure:4757: checking target system type
configure:4770: result: x86_64-unknown-linux-gnu
configure:4824: checking for x86 cpuid  output
configure:4853: gcc -o conftest -march=native -g -O2 -Wall -I../libfec/src -L../libfec/src conftest.c -lfec -lfftw3f -lm -lc  >&5
conftest.c: In function 'main':
conftest.c:48:15: error: expected expression before ',' token
      int op = , eax, ebx, ecx, edx;
               ^
configure:4853: $? = 1
configure: program exited with status 1
configure: failed program was:
| /* confdefs.h */
| #define PACKAGE_NAME "liquid-dsp"
| #define PACKAGE_TARNAME "liquid-dsp"
| #define PACKAGE_VERSION "1.2.0"
| #define PACKAGE_STRING "liquid-dsp 1.2.0"
| #define PACKAGE_BUGREPORT "support@liquidsdr.org"
| #define PACKAGE_URL ""
| #define STDC_HEADERS 1
| #define HAVE_SYS_TYPES_H 1
| #define HAVE_SYS_STAT_H 1
| #define HAVE_STDLIB_H 1
| #define HAVE_STRING_H 1
| #define HAVE_MEMORY_H 1
| #define HAVE_STRINGS_H 1
| #define HAVE_INTTYPES_H 1
| #define HAVE_STDINT_H 1
| #define HAVE_UNISTD_H 1
| #define HAVE_STDLIB_H 1
| #define HAVE_MALLOC 1
| #define HAVE_STDLIB_H 1
| #define HAVE_REALLOC 1
| #define HAVE_LIBC 1
| #define HAVE_LIBM 1
| #define HAVE_STDIO_H 1
| #define HAVE_STDLIB_H 1
| #define HAVE_COMPLEX_H 1
| #define HAVE_STRING_H 1
| #define HAVE_GETOPT_H 1
| #define HAVE_SYS_RESOURCE_H 1
| #define HAVE_FLOAT_H 1
| #define HAVE_INTTYPES_H 1
| #define HAVE_LIMITS_H 1
| #define HAVE_STDLIB_H 1
| #define HAVE_STRING_H 1
| #define HAVE_UNISTD_H 1
| #define HAVE_FEC_H 1
| #define HAVE_FFTW3_H 1
| #define HAVE_LIBFFTW3F 1
| #define HAVE_LIBFEC 1
| #define SIZEOF_INT 4
| #define SIZEOF_UNSIGNED_INT 4
| /* end confdefs.h.  */
| #include <stdio.h>
| int
| main ()
| {
| 
|      int op = , eax, ebx, ecx, edx;
|      FILE *f;
|       __asm__("cpuid"
|         : "=a" (eax), "=b" (ebx), "=c" (ecx), "=d" (edx)
|         : "a" (op));
|      f = fopen("conftest_cpuid", "w"); if (!f) return 1;
|      fprintf(f, "%x:%x:%x:%x\n", eax, ebx, ecx, edx);
|      fclose(f);
|      return 0;
| 
|   ;
|   return 0;
| }
configure:4863: result: unknown
configure:4882: checking for x86 cpuid 0x00000001 output
configure:4911: gcc -o conftest -march=native -g -O2 -Wall -I../libfec/src -L../libfec/src conftest.c -lfec -lfftw3f -lm -lc  >&5
configure:4911: $? = 0
configure:4911: ./conftest
configure:4911: $? = 0
configure:4921: result: 406f1:2100800:fffa3203:17cbfbff
configure:4941: checking mmintrin.h usability
configure:4941: gcc -c -march=native -g -O2 -Wall -I../libfec/src conftest.c >&5
configure:4941: $? = 0
configure:4941: result: yes
configure:4941: checking mmintrin.h presence
configure:4941: gcc -E -I../libfec/src conftest.c
configure:4941: $? = 0
configure:4941: result: yes
configure:4941: checking for mmintrin.h
configure:4941: result: yes
configure:4941: checking xmmintrin.h usability
configure:4941: gcc -c -march=native -g -O2 -Wall -I../libfec/src conftest.c >&5
configure:4941: $? = 0
configure:4941: result: yes
configure:4941: checking xmmintrin.h presence
configure:4941: gcc -E -I../libfec/src conftest.c
configure:4941: $? = 0
configure:4941: result: yes
configure:4941: checking for xmmintrin.h
configure:4941: result: yes
configure:4941: checking emmintrin.h usability
configure:4941: gcc -c -march=native -g -O2 -Wall -I../libfec/src conftest.c >&5
configure:4941: $? = 0
configure:4941: result: yes
configure:4941: checking emmintrin.h presence
configure:4941: gcc -E -I../libfec/src conftest.c
configure:4941: $? = 0
configure:4941: result: yes
configure:4941: checking for emmintrin.h
configure:4941: result: yes
configure:4941: checking pmmintrin.h usability
configure:4941: gcc -c -march=native -g -O2 -Wall -I../libfec/src conftest.c >&5
configure:4941: $? = 0
configure:4941: result: yes
configure:4941: checking pmmintrin.h presence
configure:4941: gcc -E -I../libfec/src conftest.c
configure:4941: $? = 0
configure:4941: result: yes
configure:4941: checking for pmmintrin.h
configure:4941: result: yes
configure:4941: checking tmmintrin.h usability
configure:4941: gcc -c -march=native -g -O2 -Wall -I../libfec/src conftest.c >&5
configure:4941: $? = 0
configure:4941: result: yes
configure:4941: checking tmmintrin.h presence
configure:4941: gcc -E -I../libfec/src conftest.c
configure:4941: $? = 0
configure:4941: result: yes
configure:4941: checking for tmmintrin.h
configure:4941: result: yes
configure:4941: checking smmintrin.h usability
configure:4941: gcc -c -march=native -g -O2 -Wall -I../libfec/src conftest.c >&5
configure:4941: $? = 0
configure:4941: result: yes
configure:4941: checking smmintrin.h presence
configure:4941: gcc -E -I../libfec/src conftest.c
configure:4941: $? = 0
configure:4941: result: yes
configure:4941: checking for smmintrin.h
configure:4941: result: yes
configure:4941: checking immintrin.h usability
configure:4941: gcc -c -march=native -g -O2 -Wall -I../libfec/src conftest.c >&5
configure:4941: $? = 0
configure:4941: result: yes
configure:4941: checking immintrin.h presence
configure:4941: gcc -E -I../libfec/src conftest.c
configure:4941: $? = 0
configure:4941: result: yes
configure:4941: checking for immintrin.h
configure:4941: result: yes
configure:4952: checking whether mmx is supported
configure:4964: result: yes
configure:4967: checking whether sse is supported
configure:4979: result: yes
configure:4982: checking whether sse2 is supported
configure:4994: result: yes
configure:4997: checking whether sse3 is supported
configure:5009: result: yes
configure:5012: checking whether ssse3 is supported
configure:5024: result: yes
configure:5027: checking whether sse4.1 is supported
configure:5039: result: yes
configure:5042: checking whether sse4.2 is supported
configure:5054: result: yes
configure:5057: checking whether avx is supported
configure:5069: result: yes
configure:5076: checking whether C compiler accepts -mmmx
configure:5095: gcc -c -march=native -g -O2 -Wall  -mmmx -I../libfec/src conftest.c >&5
configure:5095: $? = 0
configure:5103: result: yes
configure:5117: checking whether C compiler accepts -msse
configure:5136: gcc -c -march=native -g -O2 -Wall  -msse -I../libfec/src conftest.c >&5
configure:5136: $? = 0
configure:5144: result: yes
configure:5158: checking whether C compiler accepts -msse2
configure:5177: gcc -c -march=native -g -O2 -Wall  -msse2 -I../libfec/src conftest.c >&5
configure:5177: $? = 0
configure:5185: result: yes
configure:5199: checking whether C compiler accepts -msse3
configure:5218: gcc -c -march=native -g -O2 -Wall  -msse3 -I../libfec/src conftest.c >&5
configure:5218: $? = 0
configure:5226: result: yes
configure:5240: checking whether C compiler accepts -mssse3
configure:5259: gcc -c -march=native -g -O2 -Wall  -mssse3 -I../libfec/src conftest.c >&5
configure:5259: $? = 0
configure:5267: result: yes
configure:5281: checking whether C compiler accepts -msse4.1
configure:5300: gcc -c -march=native -g -O2 -Wall  -msse4.1 -I../libfec/src conftest.c >&5
configure:5300: $? = 0
configure:5308: result: yes
configure:5322: checking whether C compiler accepts -msse4.2
configure:5341: gcc -c -march=native -g -O2 -Wall  -msse4.2 -I../libfec/src conftest.c >&5
configure:5341: $? = 0
configure:5349: result: yes
configure:5363: checking whether C compiler accepts -mavx
configure:5382: gcc -c -march=native -g -O2 -Wall  -mavx -I../libfec/src conftest.c >&5
configure:5382: $? = 0
configure:5390: result: yes
configure:5618: creating ./config.status

## ---------------------- ##
## Running config.status. ##
## ---------------------- ##

This file was extended by liquid-dsp config.status 1.2.0, which was
generated by GNU Autoconf 2.69.  Invocation command line was

  CONFIG_FILES    = 
  CONFIG_HEADERS  = 
  CONFIG_LINKS    = 
  CONFIG_COMMANDS = 
  $ ./config.status 

on viz

config.status:867: creating makefile
config.status:867: creating config.h

## ---------------- ##
## Cache variables. ##
## ---------------- ##

ac_cv_build=x86_64-unknown-linux-gnu
ac_cv_c_compiler_gnu=yes
ac_cv_c_inline=inline
ac_cv_c_uint32_t=yes
ac_cv_c_uint8_t=yes
ac_cv_env_CC_set=
ac_cv_env_CC_value=
ac_cv_env_CFLAGS_set=set
ac_cv_env_CFLAGS_value='-march=native -g -O2 -Wall'
ac_cv_env_CPPFLAGS_set=set
ac_cv_env_CPPFLAGS_value=-I../libfec/src
ac_cv_env_CPP_set=
ac_cv_env_CPP_value=
ac_cv_env_LDFLAGS_set=set
ac_cv_env_LDFLAGS_value=-L../libfec/src
ac_cv_env_LIBS_set=
ac_cv_env_LIBS_value=
ac_cv_env_build_alias_set=
ac_cv_env_build_alias_value=
ac_cv_env_host_alias_set=
ac_cv_env_host_alias_value=
ac_cv_env_target_alias_set=
ac_cv_env_target_alias_value=
ac_cv_func_cargf=yes
ac_cv_func_cexpf=yes
ac_cv_func_cimagf=yes
ac_cv_func_cosf=yes
ac_cv_func_crealf=yes
ac_cv_func_expf=yes
ac_cv_func_free=yes
ac_cv_func_malloc=yes
ac_cv_func_malloc_0_nonnull=yes
ac_cv_func_memmove=yes
ac_cv_func_memset=yes
ac_cv_func_realloc=yes
ac_cv_func_realloc_0_nonnull=yes
ac_cv_func_sinf=yes
ac_cv_func_sqrtf=yes
ac_cv_header_complex_h=yes
ac_cv_header_emmintrin_h=yes
ac_cv_header_fec_h=yes
ac_cv_header_fftw3_h=yes
ac_cv_header_float_h=yes
ac_cv_header_getopt_h=yes
ac_cv_header_immintrin_h=yes
ac_cv_header_inttypes_h=yes
ac_cv_header_limits_h=yes
ac_cv_header_memory_h=yes
ac_cv_header_mmintrin_h=yes
ac_cv_header_pmmintrin_h=yes
ac_cv_header_smmintrin_h=yes
ac_cv_header_stdc=yes
ac_cv_header_stdint_h=yes
ac_cv_header_stdio_h=yes
ac_cv_header_stdlib_h=yes
ac_cv_header_string_h=yes
ac_cv_header_strings_h=yes
ac_cv_header_sys_resource_h=yes
ac_cv_header_sys_stat_h=yes
ac_cv_header_sys_types_h=yes
ac_cv_header_tmmintrin_h=yes
ac_cv_header_unistd_h=yes
ac_cv_header_xmmintrin_h=yes
ac_cv_host=x86_64-unknown-linux-gnu
ac_cv_lib_c_main=yes
ac_cv_lib_error_at_line=yes
ac_cv_lib_fec_create_viterbi27=yes
ac_cv_lib_fftw3f_fftwf_plan_dft_1d=yes
ac_cv_lib_m_main=yes
ac_cv_objext=o
ac_cv_path_EGREP='/bin/grep -E'
ac_cv_path_GREP=/bin/grep
ac_cv_path_SED=/bin/sed
ac_cv_path_install='/usr/bin/install -c'
ac_cv_prog_CPP='gcc -E'
ac_cv_prog_ac_ct_AR=ar
ac_cv_prog_ac_ct_CC=gcc
ac_cv_prog_ac_ct_RANLIB=ranlib
ac_cv_prog_cc_c89=
ac_cv_prog_cc_g=yes
ac_cv_sizeof_int=4
ac_cv_sizeof_unsigned_int=4
ac_cv_target=x86_64-unknown-linux-gnu
ac_cv_type_size_t=yes
ax_cv_check_cflags___mavx=yes
ax_cv_check_cflags___mmmx=yes
ax_cv_check_cflags___msse2=yes
ax_cv_check_cflags___msse3=yes
ax_cv_check_cflags___msse4_1=yes
ax_cv_check_cflags___msse4_2=yes
ax_cv_check_cflags___msse=yes
ax_cv_check_cflags___mssse3=yes
ax_cv_gcc_x86_cpuid_0x00000001=406f1:2100800:fffa3203:17cbfbff
ax_cv_gcc_x86_cpuid_=unknown
ax_cv_have_avx_ext=yes
ax_cv_have_mmx_ext=yes
ax_cv_have_sse2_ext=yes
ax_cv_have_sse3_ext=yes
ax_cv_have_sse41_ext=yes
ax_cv_have_sse42_ext=yes
ax_cv_have_sse_ext=yes
ax_cv_have_ssse3_ext=yes

## ----------------- ##
## Output variables. ##
## ----------------- ##

AR='ar'
ARCH_OPTION='-msse4.1'
CC='gcc'
CFLAGS='-march=native -g -O2 -Wall'
CLIB=''
CPP='gcc -E'
CPPFLAGS='-I../libfec/src'
DEBUG_MSG_OPTION=''
DEFS='-DHAVE_CONFIG_H'
ECHO_C=''
ECHO_N='-n'
ECHO_T=''
EGREP='/bin/grep -E'
EXEEXT=''
GREP='/bin/grep'
INSTALL_DATA='${INSTALL} -m 644'
INSTALL_PROGRAM='${INSTALL}'
INSTALL_SCRIPT='${INSTALL}'
LDFLAGS='-L../libfec/src'
LIBOBJS=''
LIBS='-lfec -lfftw3f -lm -lc '
LTLIBOBJS=''
MLIBS_DOTPROD='src/dotprod/src/dotprod_cccf.mmx.o                            src/dotprod/src/dotprod_crcf.mmx.o                            src/dotprod/src/dotprod_rrrf.mmx.o                            src/dotprod/src/sumsq.mmx.o'
MLIBS_VECTOR='src/vector/src/vectorf_add.port.o                 src/vector/src/vectorf_norm.port.o                src/vector/src/vectorf_mul.port.o                 src/vector/src/vectorf_trig.port.o                src/vector/src/vectorcf_add.port.o                src/vector/src/vectorcf_norm.port.o               src/vector/src/vectorcf_mul.port.o                src/vector/src/vectorcf_trig.port.o'
OBJEXT='o'
PACKAGE_BUGREPORT='support@liquidsdr.org'
PACKAGE_NAME='liquid-dsp'
PACKAGE_STRING='liquid-dsp 1.2.0'
PACKAGE_TARNAME='liquid-dsp'
PACKAGE_URL=''
PACKAGE_VERSION='1.2.0'
PATH_SEPARATOR=':'
RANLIB='ranlib'
REBIND='ldconfig'
SED='/bin/sed'
SHELL='/bin/bash'
SH_LIB='libliquid.so'
SIMD_FLAGS=' -mmmx -msse -msse2 -msse3 -mssse3 -msse4.1 -msse4.2 -mavx'
ac_ct_CC='gcc'
bindir='${exec_prefix}/bin'
build='x86_64-unknown-linux-gnu'
build_alias=''
build_cpu='x86_64'
build_os='linux-gnu'
build_vendor='unknown'
datadir='${datarootdir}'
datarootdir='${prefix}/share'
docdir='${datarootdir}/doc/${PACKAGE_TARNAME}'
dvidir='${docdir}'
exec_prefix='${prefix}'
host='x86_64-unknown-linux-gnu'
host_alias=''
host_cpu='x86_64'
host_os='linux-gnu'
host_vendor='unknown'
htmldir='${docdir}'
includedir='${prefix}/include'
infodir='${datarootdir}/info'
libdir='${exec_prefix}/lib'
libexecdir='${exec_prefix}/libexec'
localedir='${datarootdir}/locale'
localstatedir='${prefix}/var'
mandir='${datarootdir}/man'
oldincludedir='/usr/include'
pdfdir='${docdir}'
prefix='/usr/local/crts'
program_transform_name='s,x,x,'
psdir='${docdir}'
runstatedir='${localstatedir}/run'
sbindir='${exec_prefix}/sbin'
sharedstatedir='${prefix}/com'
sysconfdir='${prefix}/etc'
target='x86_64-unknown-linux-gnu'
target_alias=''
target_cpu='x86_64'
target_os='linux-gnu'
target_vendor='unknown'

## ----------- ##
## confdefs.h. ##
## ----------- ##

/* confdefs.h */
#define PACKAGE_NAME "liquid-dsp"
#define PACKAGE_TARNAME "liquid-dsp"
#define PACKAGE_VERSION "1.2.0"
#define PACKAGE_STRING "liquid-dsp 1.2.0"
#define PACKAGE_BUGREPORT "support@liquidsdr.org"
#define PACKAGE_URL ""
#define STDC_HEADERS 1
#define HAVE_SYS_TYPES_H 1
#define HAVE_SYS_STAT_H 1
#define HAVE_STDLIB_H 1
#define HAVE_STRING_H 1
#define HAVE_MEMORY_H 1
#define HAVE_STRINGS_H 1
#define HAVE_INTTYPES_H 1
#define HAVE_STDINT_H 1
#define HAVE_UNISTD_H 1
#define HAVE_STDLIB_H 1
#define HAVE_MALLOC 1
#define HAVE_STDLIB_H 1
#define HAVE_REALLOC 1
#define HAVE_LIBC 1
#define HAVE_LIBM 1
#define HAVE_STDIO_H 1
#define HAVE_STDLIB_H 1
#define HAVE_COMPLEX_H 1
#define HAVE_STRING_H 1
#define HAVE_GETOPT_H 1
#define HAVE_SYS_RESOURCE_H 1
#define HAVE_FLOAT_H 1
#define HAVE_INTTYPES_H 1
#define HAVE_LIMITS_H 1
#define HAVE_STDLIB_H 1
#define HAVE_STRING_H 1
#define HAVE_UNISTD_H 1
#define HAVE_FEC_H 1
#define HAVE_FFTW3_H 1
#define HAVE_LIBFFTW3F 1
#define HAVE_LIBFEC 1
#define SIZEOF_INT 4
#define SIZEOF_UNSIGNED_INT 4
#define HAVE_MMINTRIN_H 1
#define HAVE_XMMINTRIN_H 1
#define HAVE_EMMINTRIN_H 1
#define HAVE_PMMINTRIN_H 1
#define HAVE_TMMINTRIN_H 1
#define HAVE_SMMINTRIN_H 1
#define HAVE_IMMINTRIN_H 1
#define HAVE_MMX /**/
#define HAVE_SSE /**/
#define HAVE_SSE2 /**/
#define HAVE_SSE3 /**/
#define HAVE_SSSE3 /**/
#define HAVE_SSE41 /**/
#define HAVE_SSE42 1
#define HAVE_AVX /**/

configure: exit 0
